app/build/intermediates/manifest_merge_blame_file/release/manifest-merger-blame-release-report.txt
1<?xml version="1.0" encoding="utf-8"?>
2<manifest xmlns:android="http://schemas.android.com/apk/res/android"
3    package="it.vfsfitvnm.vimusic"
4    android:versionCode="20"
5    android:versionName="0.5.4" >
6
7    <uses-sdk
8        android:minSdkVersion="21"
8-->src/main/AndroidManifest.xml
9        android:targetSdkVersion="33" />
9-->src/main/AndroidManifest.xml
10
11    <uses-permission android:name="android.permission.INTERNET" />
11-->src/main/AndroidManifest.xml:4:5-67
11-->src/main/AndroidManifest.xml:4:22-64
12    <uses-permission android:name="android.permission.POST_NOTIFICATIONS" />
12-->src/main/AndroidManifest.xml:5:5-77
12-->src/main/AndroidManifest.xml:5:22-74
13    <uses-permission android:name="android.permission.WAKE_LOCK" />
13-->src/main/AndroidManifest.xml:6:5-68
13-->src/main/AndroidManifest.xml:6:22-65
14    <uses-permission android:name="android.permission.FOREGROUND_SERVICE" />
14-->src/main/AndroidManifest.xml:7:5-77
14-->src/main/AndroidManifest.xml:7:22-74
15    <uses-permission android:name="android.permission.REQUEST_IGNORE_BATTERY_OPTIMIZATIONS" />
15-->src/main/AndroidManifest.xml:8:5-95
15-->src/main/AndroidManifest.xml:8:22-92
16
17    <queries>
17-->src/main/AndroidManifest.xml:10:5-17:15
18        <intent>
18-->src/main/AndroidManifest.xml:11:9-13:18
19            <action android:name="android.media.action.DISPLAY_AUDIO_EFFECT_CONTROL_PANEL" />
19-->src/main/AndroidManifest.xml:12:13-94
19-->src/main/AndroidManifest.xml:12:21-91
20        </intent>
21        <intent>
21-->src/main/AndroidManifest.xml:14:9-16:18
22            <action android:name="android.intent.action.WEB_SEARCH" />
22-->src/main/AndroidManifest.xml:15:13-71
22-->src/main/AndroidManifest.xml:15:21-68
23        </intent>
24    </queries>
25
26    <uses-permission android:name="android.permission.ACCESS_NETWORK_STATE" />
26-->[androidx.media3:media3-common:1.0.0-beta03] AndroidManifest.xml:24:5-79
26-->[androidx.media3:media3-common:1.0.0-beta03] AndroidManifest.xml:24:22-76
27
28    <application
29        android:name="it.vfsfitvnm.vimusic.MainApplication"
29-->src/main/AndroidManifest.xml:20:9-40
30        android:allowBackup="true"
30-->src/main/AndroidManifest.xml:21:9-35
31        android:appComponentFactory="androidx.core.app.CoreComponentFactory"
31-->[androidx.core:core:1.8.0] AndroidManifest.xml:24:18-86
32        android:banner="@mipmap/ic_banner"
32-->src/main/AndroidManifest.xml:22:9-43
33        android:configChanges="colorMode|density|fontScale|keyboard|keyboardHidden|layoutDirection|locale|mcc|mnc|navigation|orientation|screenLayout|screenSize|smallestScreenSize|touchscreen|uiMode"
33-->src/main/AndroidManifest.xml:23:9-200
34        android:hardwareAccelerated="true"
34-->src/main/AndroidManifest.xml:24:9-43
35        android:icon="@mipmap/ic_launcher_round"
35-->src/main/AndroidManifest.xml:25:9-49
36        android:label="ViMusic"
36-->src/main/AndroidManifest.xml:26:9-35
37        android:roundIcon="@mipmap/ic_launcher_round"
37-->src/main/AndroidManifest.xml:27:9-54
38        android:supportsRtl="false"
38-->src/main/AndroidManifest.xml:28:9-36
39        android:theme="@style/Theme.ViMusic.NoActionBar" >
39-->src/main/AndroidManifest.xml:29:9-57
40        <activity
40-->src/main/AndroidManifest.xml:31:9-91:20
41            android:name="it.vfsfitvnm.vimusic.MainActivity"
41-->src/main/AndroidManifest.xml:32:13-41
42            android:exported="true"
42-->src/main/AndroidManifest.xml:33:13-36
43            android:launchMode="singleTask"
43-->src/main/AndroidManifest.xml:34:13-44
44            android:theme="@style/Theme.ViMusic.NoActionBar"
44-->src/main/AndroidManifest.xml:35:13-61
45            android:windowSoftInputMode="adjustResize" >
45-->src/main/AndroidManifest.xml:36:13-55
46            <intent-filter>
46-->src/main/AndroidManifest.xml:38:13-42:29
47                <action android:name="android.intent.action.MAIN" />
47-->src/main/AndroidManifest.xml:39:17-69
47-->src/main/AndroidManifest.xml:39:25-66
48
49                <category android:name="android.intent.category.LAUNCHER" />
49-->src/main/AndroidManifest.xml:40:17-77
49-->src/main/AndroidManifest.xml:40:27-74
50                <category android:name="android.intent.category.LEANBACK_LAUNCHER" />
50-->src/main/AndroidManifest.xml:41:17-86
50-->src/main/AndroidManifest.xml:41:27-83
51            </intent-filter>
52            <intent-filter>
52-->src/main/AndroidManifest.xml:44:13-90:29
53                <action android:name="android.intent.action.VIEW" />
53-->src/main/AndroidManifest.xml:45:17-69
53-->src/main/AndroidManifest.xml:45:25-66
54
55                <category android:name="android.intent.category.DEFAULT" />
55-->src/main/AndroidManifest.xml:47:17-76
55-->src/main/AndroidManifest.xml:47:27-73
56                <category android:name="android.intent.category.BROWSABLE" />
56-->src/main/AndroidManifest.xml:48:17-78
56-->src/main/AndroidManifest.xml:48:27-75
57
58                <data
58-->src/main/AndroidManifest.xml:50:17-53:46
59                    android:host="music.youtube.com"
59-->src/main/AndroidManifest.xml:51:21-53
60                    android:pathPrefix="/playlist"
60-->src/main/AndroidManifest.xml:52:21-51
61                    android:scheme="https" />
61-->src/main/AndroidManifest.xml:53:21-43
62                <data
62-->src/main/AndroidManifest.xml:50:17-53:46
63                    android:host="www.youtube.com"
63-->src/main/AndroidManifest.xml:51:21-53
64                    android:pathPrefix="/playlist"
64-->src/main/AndroidManifest.xml:52:21-51
65                    android:scheme="https" />
65-->src/main/AndroidManifest.xml:53:21-43
66                <data
66-->src/main/AndroidManifest.xml:50:17-53:46
67                    android:host="m.youtube.com"
67-->src/main/AndroidManifest.xml:51:21-53
68                    android:pathPrefix="/playlist"
68-->src/main/AndroidManifest.xml:52:21-51
69                    android:scheme="https" />
69-->src/main/AndroidManifest.xml:53:21-43
70                <data
70-->src/main/AndroidManifest.xml:50:17-53:46
71                    android:host="music.youtube.com"
71-->src/main/AndroidManifest.xml:51:21-53
72                    android:pathPrefix="/watch"
72-->src/main/AndroidManifest.xml:52:21-51
73                    android:scheme="https" />
73-->src/main/AndroidManifest.xml:53:21-43
74                <data
74-->src/main/AndroidManifest.xml:50:17-53:46
75                    android:host="www.youtube.com"
75-->src/main/AndroidManifest.xml:51:21-53
76                    android:pathPrefix="/watch"
76-->src/main/AndroidManifest.xml:52:21-51
77                    android:scheme="https" />
77-->src/main/AndroidManifest.xml:53:21-43
78                <data
78-->src/main/AndroidManifest.xml:50:17-53:46
79                    android:host="m.youtube.com"
79-->src/main/AndroidManifest.xml:51:21-53
80                    android:pathPrefix="/watch"
80-->src/main/AndroidManifest.xml:52:21-51
81                    android:scheme="https" />
81-->src/main/AndroidManifest.xml:53:21-43
82                <data
82-->src/main/AndroidManifest.xml:50:17-53:46
83                    android:host="youtu.be"
83-->src/main/AndroidManifest.xml:51:21-53
84                    android:pathPrefix="/"
84-->src/main/AndroidManifest.xml:52:21-51
85                    android:scheme="https" />
85-->src/main/AndroidManifest.xml:53:21-43
86                <data
86-->src/main/AndroidManifest.xml:50:17-53:46
87                    android:host="music.youtube.com"
87-->src/main/AndroidManifest.xml:51:21-53
88                    android:pathPrefix="/channel"
88-->src/main/AndroidManifest.xml:52:21-51
89                    android:scheme="https" />
89-->src/main/AndroidManifest.xml:53:21-43
90                <data
90-->src/main/AndroidManifest.xml:50:17-53:46
91                    android:host="www.youtube.com"
91-->src/main/AndroidManifest.xml:51:21-53
92                    android:pathPrefix="/channel"
92-->src/main/AndroidManifest.xml:52:21-51
93                    android:scheme="https" />
93-->src/main/AndroidManifest.xml:53:21-43
94                <data
94-->src/main/AndroidManifest.xml:50:17-53:46
95                    android:host="m.youtube.com"
95-->src/main/AndroidManifest.xml:51:21-53
96                    android:pathPrefix="/c"
96-->src/main/AndroidManifest.xml:52:21-51
97                    android:scheme="https" />
97-->src/main/AndroidManifest.xml:53:21-43
98            </intent-filter>
99        </activity>
100
101        <service
101-->src/main/AndroidManifest.xml:93:9-97:19
102            android:name="it.vfsfitvnm.vimusic.service.PlayerService"
102-->src/main/AndroidManifest.xml:94:13-50
103            android:exported="false"
103-->src/main/AndroidManifest.xml:95:13-37
104            android:foregroundServiceType="mediaPlayback" >
104-->src/main/AndroidManifest.xml:96:13-58
105        </service>
106        <service
106-->src/main/AndroidManifest.xml:99:9-105:19
107            android:name="it.vfsfitvnm.vimusic.service.PlayerMediaBrowserService"
107-->src/main/AndroidManifest.xml:99:18-67
108            android:enabled="false"
108-->src/main/AndroidManifest.xml:101:13-36
109            android:exported="true" >
109-->src/main/AndroidManifest.xml:100:13-36
110            <intent-filter>
110-->src/main/AndroidManifest.xml:102:13-104:29
111                <action android:name="android.media.browse.MediaBrowserService" />
111-->src/main/AndroidManifest.xml:103:17-82
111-->src/main/AndroidManifest.xml:103:25-80
112            </intent-filter>
113        </service>
114
115        <receiver
115-->src/main/AndroidManifest.xml:107:9-109:40
116            android:name="it.vfsfitvnm.vimusic.service.PlayerService$NotificationDismissReceiver"
116-->src/main/AndroidManifest.xml:108:13-78
117            android:exported="false" />
117-->src/main/AndroidManifest.xml:109:13-37
118
119        <meta-data
119-->src/main/AndroidManifest.xml:111:9-112:58
120            android:name="com.google.android.gms.car.application"
120-->src/main/AndroidManifest.xml:111:20-73
121            android:resource="@xml/automotive_app_desc" />
121-->src/main/AndroidManifest.xml:112:13-56
122        <meta-data
122-->src/main/AndroidManifest.xml:114:9-115:53
123            android:name="com.google.android.gms.car.notification.SmallIcon"
123-->src/main/AndroidManifest.xml:114:20-84
124            android:resource="@drawable/app_icon" />
124-->src/main/AndroidManifest.xml:115:13-50
125
126        <service
126-->[androidx.room:room-runtime:2.5.0-beta01] AndroidManifest.xml:24:9-28:63
127            android:name="androidx.room.MultiInstanceInvalidationService"
127-->[androidx.room:room-runtime:2.5.0-beta01] AndroidManifest.xml:25:13-74
128            android:directBootAware="true"
128-->[androidx.room:room-runtime:2.5.0-beta01] AndroidManifest.xml:26:13-43
129            android:exported="false" />
129-->[androidx.room:room-runtime:2.5.0-beta01] AndroidManifest.xml:27:13-37
130
131        <provider
131-->[androidx.profileinstaller:profileinstaller:1.2.0] AndroidManifest.xml:25:9-33:20
132            android:name="androidx.startup.InitializationProvider"
132-->[androidx.profileinstaller:profileinstaller:1.2.0] AndroidManifest.xml:26:13-67
133            android:authorities="it.vfsfitvnm.vimusic.androidx-startup"
133-->[androidx.profileinstaller:profileinstaller:1.2.0] AndroidManifest.xml:27:13-68
134            android:exported="false" >
134-->[androidx.profileinstaller:profileinstaller:1.2.0] AndroidManifest.xml:28:13-37
135            <meta-data
135-->[androidx.profileinstaller:profileinstaller:1.2.0] AndroidManifest.xml:30:13-32:52
136                android:name="androidx.profileinstaller.ProfileInstallerInitializer"
136-->[androidx.profileinstaller:profileinstaller:1.2.0] AndroidManifest.xml:31:17-85
137                android:value="androidx.startup" />
137-->[androidx.profileinstaller:profileinstaller:1.2.0] AndroidManifest.xml:32:17-49
138        </provider>
139
140        <receiver
140-->[androidx.profileinstaller:profileinstaller:1.2.0] AndroidManifest.xml:35:9-47:20
141            android:name="androidx.profileinstaller.ProfileInstallReceiver"
141-->[androidx.profileinstaller:profileinstaller:1.2.0] AndroidManifest.xml:36:13-76
142            android:directBootAware="false"
142-->[androidx.profileinstaller:profileinstaller:1.2.0] AndroidManifest.xml:37:13-44
143            android:enabled="true"
143-->[androidx.profileinstaller:profileinstaller:1.2.0] AndroidManifest.xml:38:13-35
144            android:exported="true"
144-->[androidx.profileinstaller:profileinstaller:1.2.0] AndroidManifest.xml:39:13-36
145            android:permission="android.permission.DUMP" >
145-->[androidx.profileinstaller:profileinstaller:1.2.0] AndroidManifest.xml:40:13-57
146            <intent-filter>
146-->[androidx.profileinstaller:profileinstaller:1.2.0] AndroidManifest.xml:41:13-43:29
147                <action android:name="androidx.profileinstaller.action.INSTALL_PROFILE" />
147-->[androidx.profileinstaller:profileinstaller:1.2.0] AndroidManifest.xml:42:17-91
147-->[androidx.profileinstaller:profileinstaller:1.2.0] AndroidManifest.xml:42:25-88
148            </intent-filter>
149            <intent-filter>
149-->[androidx.profileinstaller:profileinstaller:1.2.0] AndroidManifest.xml:44:13-46:29
150                <action android:name="androidx.profileinstaller.action.SKIP_FILE" />
150-->[androidx.profileinstaller:profileinstaller:1.2.0] AndroidManifest.xml:45:17-85
150-->[androidx.profileinstaller:profileinstaller:1.2.0] AndroidManifest.xml:45:25-82
151            </intent-filter>
152        </receiver>
153    </application>
154
155</manifest>